

HI-TECH Software PIC Macro Assembler V9.81 build 7503 
                                                                                                           Sat Feb 19 21:52:37 2011


     1                           
     2                           	; HI-TECH C Compiler for PIC10/12/16 MCUs V9.81
     3                           	; Copyright (C) 1984-2010 HI-TECH Software
     4                           
     5                           	; Auto-generated runtime startup code for final link stage.
     6                           
     7                           	;
     8                           	; Compiler options:
     9                           	;
    10                           	; init.c main.c --chip=16F84 --outdir=build -Omain
    11                           	;
    12                           
    13                           
    14                           	processor	16F84
    15                           
    16                           	global	_main,start,_exit,reset_vec
    17                           	fnroot	_main
    18                           	psect	config,class=CONFIG,delta=2
    19                           	psect	idloc,class=IDLOC,delta=2
    20                           	psect	code,class=CODE,delta=2
    21                           	psect	powerup,class=CODE,delta=2
    22                           	psect	reset_vec,class=CODE,delta=2
    23                           	psect	maintext,class=CODE,delta=2
    24  0000                     	C	set	0
    25  0002                     	Z	set	2
    26  0002                     	PCL	set	2
    27  0000                     	INDF	set	0
    28                           
    29  0003                     	STATUS	equ	3
    30  000A                     	PCLATH	equ	0Ah
    31                           
    32                           	psect	eeprom_data,class=EEDATA,delta=2,space=2
    33                           	psect	intentry,class=CODE,delta=2
    34                           	psect	functab,class=CODE,delta=2
    35                           	global	intlevel0,intlevel1,intlevel2, intlevel3, intlevel4, intlevel5
    36  0000                     intlevel0:
    37  0000                     intlevel1:
    38  0000                     intlevel2:
    39  0000                     intlevel3:
    40  0000                     intlevel4:
    41  0000                     intlevel5:
    42                           	psect	init,class=CODE,delta=2
    43                           	psect	cinit,class=CODE,delta=2
    44                           	psect	text,class=CODE,delta=2
    45                           	psect	end_init,class=CODE,delta=2
    46                           	psect	clrtext,class=CODE,delta=2
    47  0004                     	FSR	set	4
    48                           	psect	strings,class=CODE,delta=2,reloc=256
    49                           
    50                           	psect	reset_vec
    51  0000                     reset_vec:
    52                           	; No powerup routine
    53                           	; No interrupt routine
    54                           
    55                           
    56                           	psect	init
    57  0000                     start
    58  0000                     _exit
    59                           	psect	end_init
    60                           	global start_initialization
    61  0000  2BA4               	ljmp start_initialization	;jump to C runtime clear & initialization


HI-TECH Software PICC Macro Assembler V9.81 build 7503 
Symbol Table                                                                                               Sat Feb 19 21:52:37 2011

               _main 03AD                 _exit 0000                 start 0000  start_initialization 03A4  
           intlevel0 0000             intlevel1 0000             intlevel2 0000             intlevel3 0000  
           intlevel4 0000             intlevel5 0000             reset_vec 0000  
