

HI-TECH Software PICC Macro Assembler V9.60PL5 build 3884 
                                                      Mon Jan 26 23:01:06 2009

HI-TECH Software Omniscient Code Generator build 3884
     1  0000                     opt subtitle "HI-TECH Software Omniscient Code 
                                 Generator build 3884"
     2                           
     3                           	processor	16F628A
     4                           clrc	macro
     5                           	bcf	status,0
     6  0000                     	endm
     7                           clrz	macro
     8                           	bcf	status,2
     9  0000                     	endm
    10                           setc	macro
    11                           	bsf	status,0
    12  0000                     	endm
    13                           setz	macro
    14                           	bsf	status,2
    15  0000                     	endm
    16                           skipc	macro
    17                           	btfss	status,0
    18  0000                     	endm
    19                           skipz	macro
    20                           	btfss	status,2
    21  0000                     	endm
    22                           skipnc	macro
    23                           	btfsc	status,0
    24  0000                     	endm
    25                           skipnz	macro
    26                           	btfsc	status,2
    27  0000                     	endm
    28  0000                     indf	equ	0
    29  0000                     indf0	equ	0
    30  0000                     pc	equ	2
    31  0000                     pcl	equ	2
    32  0000                     status	equ	3
    33  0000                     fsr	equ	4
    34  0000                     fsr0	equ	4
    35  0000                     c	equ	1
    36  0000                     z	equ	0
    37  0000                     pclath	equ	10
    38                           # 13 "../init.c"
    39                           	psect config,class=CONFIG,delta=2 ;#
    40                           # 13 "../init.c"
    41  2007  3F29               	dw 0x3FED & 0x3FFB & 0x3FFF & 0x3FBF & 0x3FFF 
                                 & 0x3F7F & 0x3FFF & 0x3FFF ;#
    42                           global __tempreg
    43  0000                     __tempreg	set	112
    44                           global __Lcommon, __Hcommon
    45  0000                     __Lcommon set 0x7C
    46  0000                     __Hcommon set 0x7E
    47                           global __Lrdata_0, __Hrdata_0
    48  0000                     __Lrdata_0	equ	0x0
    49  0000                     __Hrdata_0	equ	0x1
    50                           global __Lramdata, __Lrdata_0, __Hramdata, __Hr
                                 data_0
    51  0000                     __Lramdata	set	__Lrdata_0
    52  0000                     __Hramdata	set	__Hrdata_0
    53                           	GLOBAL	__databank
    54  0000                     __databank	EQU	0
    55                           ;Data sizes: Strings 0, constant 0, data 0, bss
                                  0, persistent 0 stack 5
    56                           	global	_main
    57                           	global	??_main
    58                           	global	?_main
    59                           
    60                           ; *************** function _main **************
                                 *
    61                           ; Defined at:
    62                           ;		line 9 in file "../main.c"
    63                           ; Parameters:
    64                           ;		None
    65                           ; Auto variables:
    66                           ;		None
    67                           ; Return value:
    68                           ;		type: void 
    69                           ;		size: 0
    70                           ; Registers used:
    71                           ;		wreg, status,2, status,0, pclath, cstack
    72                           ; Tracked objects:
    73                           ;		On entry : BFF/0
    74                           ;		On exit  : 0/0
    75                           ;		Unchanged: 0/0
    76                           ; Data sizes:
    77                           ;		Autos:    0
    78                           ;		Params:   0
    79                           ;		Temp:     0
    80                           ;		Total:    0
    81                           ; This function calls:
    82                           ;		_init
    83                           ; This function is called by:
    84                           ;		Startup code after reset
    85                           ; This function uses a non-reentrant model
    86                           ; 
    87                           	psect	maintext,class=CODE,delta=2
    88                           	file	"../main.c"
    89                           	line	9
    90                           	psect	maintext
    91                           ;main.c: 7: void
    92                           ;main.c: 8: main(void)
    93                           ;main.c: 9: {
    94                           	
    95  001D                     _main:	
    96                           ; Regs used in _main: [wreg+status,2+status,0+p
                                 clath+cstack]
    97                           	line	10
    98                           ;main.c: 10: init();
    99  001D  204D               	fcall	_init
   100                           	line	11
   101                           ;main.c: 11: while (1){
   102                           	
   103  001E                     l3:	
   104                           	line	12
   105                           ;main.c: 12: if (recv) {
   106  001E  1283               	bcf	status, 5	;RP0=0, select bank0
   107  001F  1303               	bcf	status, 6	;RP2=0, select bank0
   108  0020  1C7D               	btfss	(1000/8),(1000)&7
   109  0021  2823               	goto	u761
   110  0022  2824               	goto	u760
   111  0023                     u761:
   112  0023  282E               	goto	l2
   113  0024                     u760:
   114                           	line	13
   115                           ;main.c: 13: RB3 = 1;
   116  0024  1586               	bsf	(51/8),(51)&7
   117                           	line	14
   118                           ;main.c: 14: PORTA = data;
   119                           	
   120  0025  087C               	movf	(124),w	;volatile
   121                           	
   122                           	
   123  0026  0085               	movwf	(5)	;volatile
   124                           	line	15
   125                           ;main.c: 15: data = 0;
   126  0027  1003               	clrc
   127                           	
   128  0028  3000               	movlw	0
   129  0029  1803               	btfsc	status,0
   130  002A  3001               	movlw	1
   131  002B  00FC               	movwf	(124)	;volatile
   132                           	line	16
   133                           ;main.c: 16: recv = 0;
   134  002C  107D               	bcf	(1000/8),(1000)&7
   135                           	line	17
   136                           ;main.c: 17: RB3 = 1;
   137  002D  1586               	bsf	(51/8),(51)&7
   138                           	line	18
   139                           	
   140  002E                     l5:	
   141                           	line	19
   142                           	
   143  002E                     l2:	
   144                           	line	11
   145  002E  281E               	goto	l3
   146                           	global	start
   147  002F  280E               	ljmp	start
   148                           ; =============== function _main ends =========
                                 ======
   149                           
   150                           GLOBAL __end_of_main
   151  0030                     	__end_of_main:
   152                           	FNSIZE	_main,0,0
   153                           	psect	maintext
   154                           	line	20
   155                           	signat	_main,88
   156                           	global	_init
   157                           	global	??_init
   158                           	global	?_init
   159                           
   160                           ; *************** function _init **************
                                 *
   161                           ; Defined at:
   162                           ;		line 16 in file "../init.c"
   163                           ; Parameters:
   164                           ;		None
   165                           ; Auto variables:
   166                           ;		None
   167                           ; Return value:
   168                           ;		type: void 
   169                           ;		size: 0
   170                           ; Registers used:
   171                           ;		wreg
   172                           ; Tracked objects:
   173                           ;		On entry : BFF/0
   174                           ;		On exit  : 0/0
   175                           ;		Unchanged: 0/0
   176                           ; Data sizes:
   177                           ;		Autos:    0
   178                           ;		Params:   0
   179                           ;		Temp:     0
   180                           ;		Total:    0
   181                           ; This function calls:
   182                           ;		Nothing
   183                           ; This function is called by:
   184                           ;		_main
   185                           ; This function uses a non-reentrant model
   186                           ; 
   187                           	psect	text30,local,class=CODE,delta=2
   188                           	file	"../init.c"
   189                           	line	16
   190                           ;init.c: 13: asm("\tpsect config,class=CONFIG,d
                                 elta=2"); asm("\tdw ""0x3FED & 0x3FFB & 0x3FFF 
                                 & 0x3FBF & 0x3FFF & 0x3F7F & 0x3FFF & 0x3FFF");
   191                           ;init.c: 16: void init(void){
   192                           	
   193  004D                     _init:	
   194                           ; Regs used in _init: [wreg]
   195                           	line	22
   196                           ;init.c: 22: INTCON = 0b01000000;
   197  004D  3040               	movlw	(040h)
   198                           	
   199  004E  008B               	movwf	(11)	;volatile
   200                           	line	26
   201                           ;init.c: 26: OPTION = 0b10000000;
   202  004F  3080               	movlw	(080h)
   203  0050  1683               	bsf	status, 5	;RP0=1, select bank1
   204  0051  1303               	bcf	status, 6	;RP2=0, select bank1
   205                           	
   206  0052  0081               	movwf	(129)^080h
   207                           	line	31
   208                           ;init.c: 31: PIE1 = 0b00100000;
   209  0053  3020               	movlw	(020h)
   210                           	
   211  0054  008C               	movwf	(140)^080h
   212                           	line	36
   213                           ;init.c: 36: TRISA = 0b10000000;
   214  0055  3080               	movlw	(080h)
   215                           	
   216  0056  0085               	movwf	(133)^080h	;volatile
   217                           	line	41
   218                           ;init.c: 41: TRISB = 0b00000110;
   219  0057  3006               	movlw	(06h)
   220                           	
   221  0058  0086               	movwf	(134)^080h	;volatile
   222                           	line	49
   223                           ;init.c: 49: TXSTA = 0b00000100;
   224  0059  3004               	movlw	(04h)
   225                           	
   226  005A  0098               	movwf	(152)^080h	;volatile
   227                           	line	55
   228                           ;init.c: 55: RCSTA = 0b10010000;
   229  005B  3090               	movlw	(090h)
   230  005C  1283               	bcf	status, 5	;RP0=0, select bank0
   231  005D  1303               	bcf	status, 6	;RP2=0, select bank0
   232                           	
   233  005E  0098               	movwf	(24)	;volatile
   234                           	line	59
   235                           ;init.c: 59: SPBRG = 0b00011001;
   236  005F  3019               	movlw	(019h)
   237  0060  1683               	bsf	status, 5	;RP0=1, select bank1
   238  0061  1303               	bcf	status, 6	;RP2=0, select bank1
   239                           	
   240  0062  0099               	movwf	(153)^080h
   241                           	line	61
   242                           ;init.c: 61: (GIE = 1);
   243  0063  1283               	bcf	status, 5	;RP0=0, select bank0
   244  0064  1303               	bcf	status, 6	;RP2=0, select bank0
   245  0065  178B               	bsf	(95/8),(95)&7
   246                           	line	63
   247                           ;init.c: 63: }
   248  0066                     l8:	
   249  0066  0008               	return
   250                           ; =============== function _init ends =========
                                 ======
   251                           
   252                           GLOBAL __end_of_init
   253  0067                     	__end_of_init:
   254                           	FNSIZE	_init,0,0
   255                           	signat	_init,88
   256                           	global	_my_isr
   257                           	global	??_my_isr
   258                           	global	?_my_isr
   259                           
   260                           ; *************** function _my_isr ************
                                 ***
   261                           ; Defined at:
   262                           ;		line 7 in file "../isr.c"
   263                           ; Parameters:
   264                           ;		None
   265                           ; Auto variables:
   266                           ;		None
   267                           ; Return value:
   268                           ;		type: void 
   269                           ;		size: 0
   270                           ; Registers used:
   271                           ;		wreg
   272                           ; Tracked objects:
   273                           ;		On entry : 0/0
   274                           ;		On exit  : 0/0
   275                           ;		Unchanged: 0/0
   276                           ; Data sizes:
   277                           ;		Autos:    0
   278                           ;		Params:   0
   279                           ;		Temp:     5
   280                           ;		Total:    5
   281                           ; This function calls:
   282                           ;		Nothing
   283                           ; This function is called by:
   284                           ;		Interrupt level 1
   285                           ; This function uses a non-reentrant model
   286                           ; 
   287                           	psect	intrtext,class=CODE,delta=2
   288                           	file	"../isr.c"
   289                           	line	7
   290                           ;pic16f62xa.h: 18: volatile unsigned char INDF 
                                 @ 0x00;
   291                           ;pic16f62xa.h: 19: volatile unsigned char TMR0 
                                 @ 0x01;
   292                           ;pic16f62xa.h: 20: volatile unsigned char PCL @
                                  0x02;
   293                           ;pic16f62xa.h: 21: volatile unsigned char STATU
                                 S @ 0x03;
   294                           ;pic16f62xa.h: 22: unsigned char FSR @ 0x04;
   295                           ;pic16f62xa.h: 23: volatile unsigned char PORTA
                                  @ 0x05;
   296                           ;pic16f62xa.h: 24: volatile unsigned char PORTB
                                  @ 0x06;
   297                           ;pic16f62xa.h: 25: volatile unsigned char PCLAT
                                 H @ 0x0A;
   298                           ;pic16f62xa.h: 26: volatile unsigned char INTCO
                                 N @ 0x0B;
   299                           ;pic16f62xa.h: 27: volatile unsigned char PIR1 
                                 @ 0x0C;
   300                           	
   301  0030                     _my_isr:	
   302                           ; Regs used in _my_isr: [wreg]
   303                           	psect	intentry,class=CODE,delta=2
   304                           global interrupt_function
   305  0004                     interrupt_function:
   306                           	global saved_w
   307  0000                     	saved_w	set	btemp+1
   308  0004  00FF               	movwf	saved_w
   309  0005  0803               	movf	status,w
   310  0006  00F1               	movwf	(??_my_isr+1)
   311  0007  0804               	movf	fsr,w
   312  0008  00F2               	movwf	(??_my_isr+2)
   313  0009  080A               	movf	pclath,w
   314  000A  00F3               	movwf	(??_my_isr+3)
   315  000B  087E               	movf	btemp+0,w
   316  000C  00F4               	movwf	(??_my_isr+4)
   317  000D  2830               	ljmp	_my_isr
   318                           	psect	intrtext
   319                           	line	10
   320                           ;isr.c: 10: if((RCIE)&&(RCIF)){
   321  0030  1683               	bsf	status, 5	;RP0=1, select bank1
   322  0031  1303               	bcf	status, 6	;RP2=0, select bank1
   323  0032  1E8C               	btfss	(1125/8)^080h,(1125)&7
   324  0033  2835               	goto	i1u741
   325  0034  2836               	goto	i1u740
   326  0035                     i1u741:
   327  0035  2842               	goto	i1l7
   328  0036                     i1u740:
   329  0036  1283               	bcf	status, 5	;RP0=0, select bank0
   330  0037  1303               	bcf	status, 6	;RP2=0, select bank0
   331  0038  1E8C               	btfss	(101/8),(101)&7
   332  0039  283B               	goto	i1u751
   333  003A  283C               	goto	i1u750
   334  003B                     i1u751:
   335  003B  2842               	goto	i1l7
   336  003C                     i1u750:
   337                           	line	11
   338                           ;isr.c: 11: data = RCREG;
   339                           	
   340  003C  081A               	movf	(26),w	;volatile
   341                           	
   342  003D  00F0               	movwf	(??_my_isr+0+0)
   343                           	
   344  003E  0870               	movf	(??_my_isr+0+0),w
   345  003F  00FC               	movwf	(124)	;volatile
   346                           	line	12
   347                           ;isr.c: 12: recv = 1;
   348  0040  147D               	bsf	(1000/8),(1000)&7
   349                           	line	13
   350                           ;isr.c: 13: RCIF=0;
   351  0041  128C               	bcf	(101/8),(101)&7
   352                           	line	14
   353                           	
   354  0042                     i1l7:	
   355                           	line	16
   356                           ;isr.c: 14: }
   357                           ;isr.c: 16: }
   358  0042                     i1l6:	
   359  0042  0874               	movf	(??_my_isr+4),w
   360  0043  00FE               	movwf	btemp+0
   361  0044  0873               	movf	(??_my_isr+3),w
   362  0045  008A               	movwf	pclath
   363  0046  0872               	movf	(??_my_isr+2),w
   364  0047  0084               	movwf	fsr
   365  0048  0871               	movf	(??_my_isr+1),w
   366  0049  0083               	movwf	status
   367  004A  0EFF               	swapf	saved_w,f
   368  004B  0E7F               	swapf	saved_w,w
   369  004C  0009               	retfie
   370                           ; =============== function _my_isr ends =======
                                 ========
   371                           
   372                           GLOBAL __end_of_my_isr
   373  004D                     	__end_of_my_isr:
   374                           	FNSIZE	_my_isr,5,0
   375                           	signat	_my_isr,88
   376                           	FNCALL	_main,_init
   377                           	FNROOT	_main
   378                           	FNCALL	intlevel1,_my_isr
   379                           	global	intlevel1
   380                           	FNROOT	intlevel1
   381                           	psect	strings,class=CODE,delta=2,reloc=256
   382                           	global	_data
   383                           	psect	common,class=COMMON,space=1
   384                           
   385                           	DABS	1,124,1	;_data
   386  0000                     	_data	set	0x7C
   387                           
   388                           	global	_recv
   389                           	psect	rbit_0,class=BANK0,bit,space=1
   390                           
   391                           	DABS	1,125,1	;_recv
   392  0000                     	_recv	set	0x3E8	;byte address: 0x7D
   393                           
   394                           	global	_CCP1CON
   395                           	global	_CCP1CON
   396  0000                     	_CCP1CON	set	0x17
   397                           
   398                           	global	_CCPR1H
   399                           	global	_CCPR1H
   400  0000                     	_CCPR1H	set	0x16
   401                           
   402                           	global	_CCPR1L
   403                           	global	_CCPR1L
   404  0000                     	_CCPR1L	set	0x15
   405                           
   406                           	global	_CMCON
   407                           	global	_CMCON
   408  0000                     	_CMCON	set	0x1F
   409                           
   410                           	global	_EEADR
   411                           	global	_EEADR
   412  0000                     	_EEADR	set	0x9B
   413                           
   414                           	global	_EECON1
   415                           	global	_EECON1
   416  0000                     	_EECON1	set	0x9C
   417                           
   418                           	global	_EECON2
   419                           	global	_EECON2
   420  0000                     	_EECON2	set	0x9D
   421                           
   422                           	global	_EEDATA
   423                           	global	_EEDATA
   424  0000                     	_EEDATA	set	0x9A
   425                           
   426                           	global	_FSR
   427                           	global	_FSR
   428  0000                     	_FSR	set	0x4
   429                           
   430                           	global	_INDF
   431                           	global	_INDF
   432  0000                     	_INDF	set	0x0
   433                           
   434                           	global	_INTCON
   435  0000                     	_INTCON	set	0xB
   436                           
   437                           	global	_OPTION
   438  0000                     	_OPTION	set	0x81
   439                           
   440                           	global	_PCL
   441                           	global	_PCL
   442  0000                     	_PCL	set	0x2
   443                           
   444                           	global	_PCLATH
   445                           	global	_PCLATH
   446  0000                     	_PCLATH	set	0xA
   447                           
   448                           	global	_PCON
   449                           	global	_PCON
   450  0000                     	_PCON	set	0x8E
   451                           
   452                           	global	_PIE1
   453  0000                     	_PIE1	set	0x8C
   454                           
   455                           	global	_PIR1
   456                           	global	_PIR1
   457  0000                     	_PIR1	set	0xC
   458                           
   459                           	global	_PORTA
   460  0000                     	_PORTA	set	0x5
   461                           
   462                           	global	_PORTB
   463                           	global	_PORTB
   464  0000                     	_PORTB	set	0x6
   465                           
   466                           	global	_PR2
   467                           	global	_PR2
   468  0000                     	_PR2	set	0x92
   469                           
   470                           	global	_RCREG
   471  0000                     	_RCREG	set	0x1A
   472                           
   473                           	global	_RCSTA
   474  0000                     	_RCSTA	set	0x18
   475                           
   476                           	global	_SPBRG
   477  0000                     	_SPBRG	set	0x99
   478                           
   479                           	global	_STATUS
   480                           	global	_STATUS
   481  0000                     	_STATUS	set	0x3
   482                           
   483                           	global	_T1CON
   484                           	global	_T1CON
   485  0000                     	_T1CON	set	0x10
   486                           
   487                           	global	_T2CON
   488                           	global	_T2CON
   489  0000                     	_T2CON	set	0x12
   490                           
   491                           	global	_TMR0
   492                           	global	_TMR0
   493  0000                     	_TMR0	set	0x1
   494                           
   495                           	global	_TMR1H
   496                           	global	_TMR1H
   497  0000                     	_TMR1H	set	0xF
   498                           
   499                           	global	_TMR1L
   500                           	global	_TMR1L
   501  0000                     	_TMR1L	set	0xE
   502                           
   503                           	global	_TMR2
   504                           	global	_TMR2
   505  0000                     	_TMR2	set	0x11
   506                           
   507                           	global	_TRISA
   508  0000                     	_TRISA	set	0x85
   509                           
   510                           	global	_TRISB
   511  0000                     	_TRISB	set	0x86
   512                           
   513                           	global	_TXREG
   514                           	global	_TXREG
   515  0000                     	_TXREG	set	0x19
   516                           
   517                           	global	_TXSTA
   518  0000                     	_TXSTA	set	0x98
   519                           
   520                           	global	_VRCON
   521                           	global	_VRCON
   522  0000                     	_VRCON	set	0x9F
   523                           
   524                           	global	_ADEN
   525                           	global	_ADEN
   526  0000                     	_ADEN	set	0xC3	;byte address: 0x18
   527                           
   528                           	global	_BOR
   529                           	global	_BOR
   530  0000                     	_BOR	set	0x470	;byte address: 0x8E
   531                           
   532                           	global	_BRGH
   533                           	global	_BRGH
   534  0000                     	_BRGH	set	0x4C2	;byte address: 0x98
   535                           
   536                           	global	_C1INV
   537                           	global	_C1INV
   538  0000                     	_C1INV	set	0xFC	;byte address: 0x1F
   539                           
   540                           	global	_C1OUT
   541                           	global	_C1OUT
   542  0000                     	_C1OUT	set	0xFE	;byte address: 0x1F
   543                           
   544                           	global	_C2INV
   545                           	global	_C2INV
   546  0000                     	_C2INV	set	0xFD	;byte address: 0x1F
   547                           
   548                           	global	_C2OUT
   549                           	global	_C2OUT
   550  0000                     	_C2OUT	set	0xFF	;byte address: 0x1F
   551                           
   552                           	global	_CARRY
   553                           	global	_CARRY
   554  0000                     	_CARRY	set	0x18	;byte address: 0x3
   555                           
   556                           	global	_CCP1IE
   557                           	global	_CCP1IE
   558  0000                     	_CCP1IE	set	0x462	;byte address: 0x8C
   559                           
   560                           	global	_CCP1IF
   561                           	global	_CCP1IF
   562  0000                     	_CCP1IF	set	0x62	;byte address: 0xC
   563                           
   564                           	global	_CCP1M0
   565                           	global	_CCP1M0
   566  0000                     	_CCP1M0	set	0xB8	;byte address: 0x17
   567                           
   568                           	global	_CCP1M1
   569                           	global	_CCP1M1
   570  0000                     	_CCP1M1	set	0xB9	;byte address: 0x17
   571                           
   572                           	global	_CCP1M2
   573                           	global	_CCP1M2
   574  0000                     	_CCP1M2	set	0xBA	;byte address: 0x17
   575                           
   576                           	global	_CCP1M3
   577                           	global	_CCP1M3
   578  0000                     	_CCP1M3	set	0xBB	;byte address: 0x17
   579                           
   580                           	global	_CCP1X
   581                           	global	_CCP1X
   582  0000                     	_CCP1X	set	0xBD	;byte address: 0x17
   583                           
   584                           	global	_CCP1Y
   585                           	global	_CCP1Y
   586  0000                     	_CCP1Y	set	0xBC	;byte address: 0x17
   587                           
   588                           	global	_CIS
   589                           	global	_CIS
   590  0000                     	_CIS	set	0xFB	;byte address: 0x1F
   591                           
   592                           	global	_CM0
   593                           	global	_CM0
   594  0000                     	_CM0	set	0xF8	;byte address: 0x1F
   595                           
   596                           	global	_CM1
   597                           	global	_CM1
   598  0000                     	_CM1	set	0xF9	;byte address: 0x1F
   599                           
   600                           	global	_CM2
   601                           	global	_CM2
   602  0000                     	_CM2	set	0xFA	;byte address: 0x1F
   603                           
   604                           	global	_CMIE
   605                           	global	_CMIE
   606  0000                     	_CMIE	set	0x466	;byte address: 0x8C
   607                           
   608                           	global	_CMIF
   609                           	global	_CMIF
   610  0000                     	_CMIF	set	0x66	;byte address: 0xC
   611                           
   612                           	global	_CREN
   613                           	global	_CREN
   614  0000                     	_CREN	set	0xC4	;byte address: 0x18
   615                           
   616                           	global	_CSRC
   617                           	global	_CSRC
   618  0000                     	_CSRC	set	0x4C7	;byte address: 0x98
   619                           
   620                           	global	_DC
   621                           	global	_DC
   622  0000                     	_DC	set	0x19	;byte address: 0x3
   623                           
   624                           	global	_EEIE
   625                           	global	_EEIE
   626  0000                     	_EEIE	set	0x467	;byte address: 0x8C
   627                           
   628                           	global	_EEIF
   629                           	global	_EEIF
   630  0000                     	_EEIF	set	0x67	;byte address: 0xC
   631                           
   632                           	global	_FERR
   633                           	global	_FERR
   634  0000                     	_FERR	set	0xC2	;byte address: 0x18
   635                           
   636                           	global	_GIE
   637  0000                     	_GIE	set	0x5F	;byte address: 0xB
   638                           
   639                           	global	_INTE
   640                           	global	_INTE
   641  0000                     	_INTE	set	0x5C	;byte address: 0xB
   642                           
   643                           	global	_INTEDG
   644                           	global	_INTEDG
   645  0000                     	_INTEDG	set	0x40E	;byte address: 0x81
   646                           
   647                           	global	_INTF
   648                           	global	_INTF
   649  0000                     	_INTF	set	0x59	;byte address: 0xB
   650                           
   651                           	global	_IRP
   652                           	global	_IRP
   653  0000                     	_IRP	set	0x1F	;byte address: 0x3
   654                           
   655                           	global	_OERR
   656                           	global	_OERR
   657  0000                     	_OERR	set	0xC1	;byte address: 0x18
   658                           
   659                           	global	_OSCF
   660                           	global	_OSCF
   661  0000                     	_OSCF	set	0x473	;byte address: 0x8E
   662                           
   663                           	global	_PD
   664                           	global	_PD
   665  0000                     	_PD	set	0x1B	;byte address: 0x3
   666                           
   667                           	global	_PEIE
   668                           	global	_PEIE
   669  0000                     	_PEIE	set	0x5E	;byte address: 0xB
   670                           
   671                           	global	_POR
   672                           	global	_POR
   673  0000                     	_POR	set	0x471	;byte address: 0x8E
   674                           
   675                           	global	_PS0
   676                           	global	_PS0
   677  0000                     	_PS0	set	0x408	;byte address: 0x81
   678                           
   679                           	global	_PS1
   680                           	global	_PS1
   681  0000                     	_PS1	set	0x409	;byte address: 0x81
   682                           
   683                           	global	_PS2
   684                           	global	_PS2
   685  0000                     	_PS2	set	0x40A	;byte address: 0x81
   686                           
   687                           	global	_PSA
   688                           	global	_PSA
   689  0000                     	_PSA	set	0x40B	;byte address: 0x81
   690                           
   691                           	global	_RA0
   692                           	global	_RA0
   693  0000                     	_RA0	set	0x28	;byte address: 0x5
   694                           
   695                           	global	_RA1
   696                           	global	_RA1
   697  0000                     	_RA1	set	0x29	;byte address: 0x5
   698                           
   699                           	global	_RA2
   700                           	global	_RA2
   701  0000                     	_RA2	set	0x2A	;byte address: 0x5
   702                           
   703                           	global	_RA3
   704                           	global	_RA3
   705  0000                     	_RA3	set	0x2B	;byte address: 0x5
   706                           
   707                           	global	_RA4
   708                           	global	_RA4
   709  0000                     	_RA4	set	0x2C	;byte address: 0x5
   710                           
   711                           	global	_RA5
   712                           	global	_RA5
   713  0000                     	_RA5	set	0x2D	;byte address: 0x5
   714                           
   715                           	global	_RA6
   716                           	global	_RA6
   717  0000                     	_RA6	set	0x2E	;byte address: 0x5
   718                           
   719                           	global	_RA7
   720                           	global	_RA7
   721  0000                     	_RA7	set	0x2F	;byte address: 0x5
   722                           
   723                           	global	_RB0
   724                           	global	_RB0
   725  0000                     	_RB0	set	0x30	;byte address: 0x6
   726                           
   727                           	global	_RB1
   728                           	global	_RB1
   729  0000                     	_RB1	set	0x31	;byte address: 0x6
   730                           
   731                           	global	_RB2
   732                           	global	_RB2
   733  0000                     	_RB2	set	0x32	;byte address: 0x6
   734                           
   735                           	global	_RB3
   736  0000                     	_RB3	set	0x33	;byte address: 0x6
   737                           
   738                           	global	_RB4
   739                           	global	_RB4
   740  0000                     	_RB4	set	0x34	;byte address: 0x6
   741                           
   742                           	global	_RB5
   743                           	global	_RB5
   744  0000                     	_RB5	set	0x35	;byte address: 0x6
   745                           
   746                           	global	_RB6
   747                           	global	_RB6
   748  0000                     	_RB6	set	0x36	;byte address: 0x6
   749                           
   750                           	global	_RB7
   751                           	global	_RB7
   752  0000                     	_RB7	set	0x37	;byte address: 0x6
   753                           
   754                           	global	_RBIE
   755                           	global	_RBIE
   756  0000                     	_RBIE	set	0x5B	;byte address: 0xB
   757                           
   758                           	global	_RBIF
   759                           	global	_RBIF
   760  0000                     	_RBIF	set	0x58	;byte address: 0xB
   761                           
   762                           	global	_RBPU
   763                           	global	_RBPU
   764  0000                     	_RBPU	set	0x40F	;byte address: 0x81
   765                           
   766                           	global	_RCIE
   767  0000                     	_RCIE	set	0x465	;byte address: 0x8C
   768                           
   769                           	global	_RCIF
   770  0000                     	_RCIF	set	0x65	;byte address: 0xC
   771                           
   772                           	global	_RD
   773                           	global	_RD
   774  0000                     	_RD	set	0x4E0	;byte address: 0x9C
   775                           
   776                           	global	_RP0
   777                           	global	_RP0
   778  0000                     	_RP0	set	0x1D	;byte address: 0x3
   779                           
   780                           	global	_RP1
   781                           	global	_RP1
   782  0000                     	_RP1	set	0x1E	;byte address: 0x3
   783                           
   784                           	global	_RX9
   785                           	global	_RX9
   786  0000                     	_RX9	set	0xC6	;byte address: 0x18
   787                           
   788                           	global	_RX9D
   789                           	global	_RX9D
   790  0000                     	_RX9D	set	0xC0	;byte address: 0x18
   791                           
   792                           	global	_SPEN
   793                           	global	_SPEN
   794  0000                     	_SPEN	set	0xC7	;byte address: 0x18
   795                           
   796                           	global	_SREN
   797                           	global	_SREN
   798  0000                     	_SREN	set	0xC5	;byte address: 0x18
   799                           
   800                           	global	_SYNC
   801                           	global	_SYNC
   802  0000                     	_SYNC	set	0x4C4	;byte address: 0x98
   803                           
   804                           	global	_T0CS
   805                           	global	_T0CS
   806  0000                     	_T0CS	set	0x40D	;byte address: 0x81
   807                           
   808                           	global	_T0IE
   809                           	global	_T0IE
   810  0000                     	_T0IE	set	0x5D	;byte address: 0xB
   811                           
   812                           	global	_T0IF
   813                           	global	_T0IF
   814  0000                     	_T0IF	set	0x5A	;byte address: 0xB
   815                           
   816                           	global	_T0SE
   817                           	global	_T0SE
   818  0000                     	_T0SE	set	0x40C	;byte address: 0x81
   819                           
   820                           	global	_T1CKPS0
   821                           	global	_T1CKPS0
   822  0000                     	_T1CKPS0	set	0x84	;byte address: 0x10
   823                           
   824                           	global	_T1CKPS1
   825                           	global	_T1CKPS1
   826  0000                     	_T1CKPS1	set	0x85	;byte address: 0x10
   827                           
   828                           	global	_T1OSCEN
   829                           	global	_T1OSCEN
   830  0000                     	_T1OSCEN	set	0x83	;byte address: 0x10
   831                           
   832                           	global	_T1SYNC
   833                           	global	_T1SYNC
   834  0000                     	_T1SYNC	set	0x82	;byte address: 0x10
   835                           
   836                           	global	_T2CKPS0
   837                           	global	_T2CKPS0
   838  0000                     	_T2CKPS0	set	0x90	;byte address: 0x12
   839                           
   840                           	global	_T2CKPS1
   841                           	global	_T2CKPS1
   842  0000                     	_T2CKPS1	set	0x91	;byte address: 0x12
   843                           
   844                           	global	_TMR1CS
   845                           	global	_TMR1CS
   846  0000                     	_TMR1CS	set	0x81	;byte address: 0x10
   847                           
   848                           	global	_TMR1IE
   849                           	global	_TMR1IE
   850  0000                     	_TMR1IE	set	0x460	;byte address: 0x8C
   851                           
   852                           	global	_TMR1IF
   853                           	global	_TMR1IF
   854  0000                     	_TMR1IF	set	0x60	;byte address: 0xC
   855                           
   856                           	global	_TMR1ON
   857                           	global	_TMR1ON
   858  0000                     	_TMR1ON	set	0x80	;byte address: 0x10
   859                           
   860                           	global	_TMR2IE
   861                           	global	_TMR2IE
   862  0000                     	_TMR2IE	set	0x461	;byte address: 0x8C
   863                           
   864                           	global	_TMR2IF
   865                           	global	_TMR2IF
   866  0000                     	_TMR2IF	set	0x61	;byte address: 0xC
   867                           
   868                           	global	_TMR2ON
   869                           	global	_TMR2ON
   870  0000                     	_TMR2ON	set	0x92	;byte address: 0x12
   871                           
   872                           	global	_TO
   873                           	global	_TO
   874  0000                     	_TO	set	0x1C	;byte address: 0x3
   875                           
   876                           	global	_TOUTPS0
   877                           	global	_TOUTPS0
   878  0000                     	_TOUTPS0	set	0x93	;byte address: 0x12
   879                           
   880                           	global	_TOUTPS1
   881                           	global	_TOUTPS1
   882  0000                     	_TOUTPS1	set	0x94	;byte address: 0x12
   883                           
   884                           	global	_TOUTPS2
   885                           	global	_TOUTPS2
   886  0000                     	_TOUTPS2	set	0x95	;byte address: 0x12
   887                           
   888                           	global	_TOUTPS3
   889                           	global	_TOUTPS3
   890  0000                     	_TOUTPS3	set	0x96	;byte address: 0x12
   891                           
   892                           	global	_TRISA0
   893                           	global	_TRISA0
   894  0000                     	_TRISA0	set	0x428	;byte address: 0x85
   895                           
   896                           	global	_TRISA1
   897                           	global	_TRISA1
   898  0000                     	_TRISA1	set	0x429	;byte address: 0x85
   899                           
   900                           	global	_TRISA2
   901                           	global	_TRISA2
   902  0000                     	_TRISA2	set	0x42A	;byte address: 0x85
   903                           
   904                           	global	_TRISA3
   905                           	global	_TRISA3
   906  0000                     	_TRISA3	set	0x42B	;byte address: 0x85
   907                           
   908                           	global	_TRISA4
   909                           	global	_TRISA4
   910  0000                     	_TRISA4	set	0x42C	;byte address: 0x85
   911                           
   912                           	global	_TRISA5
   913                           	global	_TRISA5
   914  0000                     	_TRISA5	set	0x42D	;byte address: 0x85
   915                           
   916                           	global	_TRISA6
   917                           	global	_TRISA6
   918  0000                     	_TRISA6	set	0x42E	;byte address: 0x85
   919                           
   920                           	global	_TRISA7
   921                           	global	_TRISA7
   922  0000                     	_TRISA7	set	0x42F	;byte address: 0x85
   923                           
   924                           	global	_TRISB0
   925                           	global	_TRISB0
   926  0000                     	_TRISB0	set	0x430	;byte address: 0x86
   927                           
   928                           	global	_TRISB1
   929                           	global	_TRISB1
   930  0000                     	_TRISB1	set	0x431	;byte address: 0x86
   931                           
   932                           	global	_TRISB2
   933                           	global	_TRISB2
   934  0000                     	_TRISB2	set	0x432	;byte address: 0x86
   935                           
   936                           	global	_TRISB3
   937                           	global	_TRISB3
   938  0000                     	_TRISB3	set	0x433	;byte address: 0x86
   939                           
   940                           	global	_TRISB4
   941                           	global	_TRISB4
   942  0000                     	_TRISB4	set	0x434	;byte address: 0x86
   943                           
   944                           	global	_TRISB5
   945                           	global	_TRISB5
   946  0000                     	_TRISB5	set	0x435	;byte address: 0x86
   947                           
   948                           	global	_TRISB6
   949                           	global	_TRISB6
   950  0000                     	_TRISB6	set	0x436	;byte address: 0x86
   951                           
   952                           	global	_TRISB7
   953                           	global	_TRISB7
   954  0000                     	_TRISB7	set	0x437	;byte address: 0x86
   955                           
   956                           	global	_TRMT
   957                           	global	_TRMT
   958  0000                     	_TRMT	set	0x4C1	;byte address: 0x98
   959                           
   960                           	global	_TX9
   961                           	global	_TX9
   962  0000                     	_TX9	set	0x4C6	;byte address: 0x98
   963                           
   964                           	global	_TX9D
   965                           	global	_TX9D
   966  0000                     	_TX9D	set	0x4C0	;byte address: 0x98
   967                           
   968                           	global	_TXEN
   969                           	global	_TXEN
   970  0000                     	_TXEN	set	0x4C5	;byte address: 0x98
   971                           
   972                           	global	_TXIE
   973                           	global	_TXIE
   974  0000                     	_TXIE	set	0x464	;byte address: 0x8C
   975                           
   976                           	global	_TXIF
   977                           	global	_TXIF
   978  0000                     	_TXIF	set	0x64	;byte address: 0xC
   979                           
   980                           	global	_VR0
   981                           	global	_VR0
   982  0000                     	_VR0	set	0x4F8	;byte address: 0x9F
   983                           
   984                           	global	_VR1
   985                           	global	_VR1
   986  0000                     	_VR1	set	0x4F9	;byte address: 0x9F
   987                           
   988                           	global	_VR2
   989                           	global	_VR2
   990  0000                     	_VR2	set	0x4FA	;byte address: 0x9F
   991                           
   992                           	global	_VR3
   993                           	global	_VR3
   994  0000                     	_VR3	set	0x4FB	;byte address: 0x9F
   995                           
   996                           	global	_VREN
   997                           	global	_VREN
   998  0000                     	_VREN	set	0x4FF	;byte address: 0x9F
   999                           
  1000                           	global	_VROE
  1001                           	global	_VROE
  1002  0000                     	_VROE	set	0x4FE	;byte address: 0x9F
  1003                           
  1004                           	global	_VRR
  1005                           	global	_VRR
  1006  0000                     	_VRR	set	0x4FD	;byte address: 0x9F
  1007                           
  1008                           	global	_WR
  1009                           	global	_WR
  1010  0000                     	_WR	set	0x4E1	;byte address: 0x9C
  1011                           
  1012                           	global	_WREN
  1013                           	global	_WREN
  1014  0000                     	_WREN	set	0x4E2	;byte address: 0x9C
  1015                           
  1016                           	global	_WRERR
  1017                           	global	_WRERR
  1018  0000                     	_WRERR	set	0x4E3	;byte address: 0x9C
  1019                           
  1020                           	global	_ZERO
  1021                           	global	_ZERO
  1022  0000                     	_ZERO	set	0x1A	;byte address: 0x3
  1023                           
  1024                           	PSECT	fnautoc,class=COMMON,space=1
  1025                           	FNCONF	fnautoc,??,?
  1026                           
  1027                           	DABS	1,126,2	;btemp
  1028                           	global	btemp
  1029  0000                     	btemp set 07Eh
  1030                           apbank macro
  1031                           	; no bank selection necessary for common memor
                                 y
  1032  0070                     	endm


HI-TECH Software PICC Macro Assembler V9.60PL5 build 3884 
Symbol Table                                          Mon Jan 26 23:01:06 2009

                l2 002E                  l3 001E                  l5 002E  
                l8 0066          __Lrdata_0 0000          __Lramdata 0000  
               _DC 0019                 _PD 001B                 _RD 04E0  
               _TO 001C                 _WR 04E1                 fsr 0004  
              _CM0 00F8                _CM1 00F9                _CM2 00FA  
              _CIS 00FB                _GIE 005F                _BOR 0470  
              _RA0 0028                _RA1 0029                _RB0 0030  
              _RA2 002A                _RB1 0031                _RA3 002B  
              _RB2 0032                _RA4 002C                _RB3 0033  
              _RA5 002D                _RB4 0034                _RA6 002E  
              _RB5 0035                _RA7 002F                _RB6 0036  
              _RB7 0037                _FSR 0004                _PCL 0002  
              _PS0 0408                _PR2 0092                _PS1 0409  
              _RP0 001D                _PS2 040A                _IRP 001F  
              _RP1 001E                i1l6 0042                i1l7 0042  
              _PSA 040B                u760 0024                u761 0023  
              _VR0 04F8                _VR1 04F9                _VR2 04FA  
              _VR3 04FB                _POR 0471                _RX9 00C6  
              _TX9 04C6                _VRR 04FD               _ADEN 00C3  
         __tempreg 0070               _EEIE 0467               _EEIF 0067  
             _CMIE 0466               _CMIF 0066               _BRGH 04C2  
             _T0IE 005D               _T0IF 005A               _CREN 00C4  
             _T0CS 040D               _FERR 00C2               _T0SE 040C  
             _CSRC 04C7               _INDF 0000               _PIE1 008C  
             _PEIE 005E               _INTE 005C               _INTF 0059  
             _RBIE 005B               _RBIF 0058               _RCIE 0465  
             _RCIF 0065               _PCON 008E               _PIR1 000C  
             _OERR 00C1               _RBPU 040F               _OSCF 0473  
             _RX9D 00C0               _TMR0 0001               _TMR2 0011  
             _SPEN 00C7          __databank 0000               _TX9D 04C0  
             _SREN 00C5               _VREN 04FF               _TRMT 04C1  
             _ZERO 001A               _TXIE 0464               _WREN 04E2  
             _TXIF 0064               _TXEN 04C5               _VROE 04FE  
             _SYNC 04C4               _data 007C               _main 001D  
             _init 004D               _recv 03E8               btemp 007E  
             start 000E  interrupt_function 0004            _CCP1CON 0017  
            _C1INV 00FC              _C2INV 00FD              _C1OUT 00FE  
            _C2OUT 00FF            ?_my_isr 0070              ?_main 0070  
            ?_init 0070              _CCP1X 00BD              _CCP1Y 00BC  
            _EEADR 009B              _CARRY 0018           ??_my_isr 0070  
            _CMCON 001F              _T1CON 0010              _T2CON 0012  
          _T1CKPS0 0084            _T1CKPS1 0085            _T2CKPS0 0090  
          _T2CKPS1 0091              _RCREG 001A              i1u740 0036  
            _RCSTA 0018              i1u741 0035              i1u750 003C  
            i1u751 003B              _TMR1H 000F              _TMR1L 000E  
            _SPBRG 0099              _PORTA 0005              _PORTB 0006  
          _T1OSCEN 0083              _TRISA 0085              _TRISB 0086  
            _VRCON 009F              _WRERR 04E3              _TXREG 0019  
            _TXSTA 0098            _TOUTPS0 0093            _TOUTPS1 0094  
          _TOUTPS2 0095            _TOUTPS3 0096              pclath 000A  
         intlevel1 0004              status 0003             ??_main 0070  
           ??_init 0070             _CCP1M0 00B8             _CCP1M1 00B9  
           _CCP1M2 00BA             _CCP1M3 00BB             _CCP1IE 0462  
           _CCP1IF 0062             _EEDATA 009A             _CCPR1H 0016  
           _CCPR1L 0015             _EECON1 009C             _EECON2 009D  
     __end_of_main 0030       __end_of_init 0067             _T1SYNC 0082  
           _INTEDG 040E             _PCLATH 000A             _INTCON 000B  
   __end_of_my_isr 004D             _TMR1IE 0460             _TMR1IF 0060  
           _TMR1CS 0081             _TMR2IE 0461             _TMR2IF 0061  
           _TMR1ON 0080             _OPTION 0081             _TMR2ON 0092  
           _TRISA0 0428             _TRISA1 0429             _TRISB0 0430  
           _TRISA2 042A             _TRISB1 0431             _TRISA3 042B  
           _TRISB2 0432             _TRISA4 042C             _TRISB3 0433  
           _TRISA5 042D             _TRISB4 0434             _TRISA6 042E  
           _TRISB5 0435             _TRISA7 042F             _TRISB6 0436  
           _TRISB7 0437             _STATUS 0003             _my_isr 0030  
           saved_w 007F           __Hcommon 007E          __Hrdata_0 0001  
        __Hramdata 0001           __Lcommon 007C  
